2020-04-01 15:24:57 [INFO   ] [wrapper] Started wrapper as PID 30292
2020-04-01 15:24:57 [INFO   ] [wrapper] Working directory is /home/jordan_lumley/apps/sym-server-3117
2020-04-01 15:24:57 [INFO   ] [wrapper] Executing java -Xms256M -Xmx1024M -cp patches:patches/*:lib/*:web/WEB-INF/lib/* -Dlog4j.configuration=file:conf/log4j.xml -Djava.util.logging.config.file=conf/logging.properties -Dsym.keystore.file=security/keystore -Djavax.net.ssl.trustStore=security/cacerts -Djavax.net.ssl.keyStorePassword=obf:cHVuYXRydmc= -Dorg.eclipse.jetty.server.Request.maxFormContentSize=800000 -Dorg.eclipse.jetty.server.Request.maxFormKeys=100000 -Djava.io.tmpdir=tmp -Dsun.net.client.defaultReadTimeout=300000 -Dsun.net.client.defaultConnectTimeout=300000 -Dfile.encoding=utf-8 -XX:+HeapDumpOnOutOfMemoryError -XX:HeapDumpPath=tmp -Djava.net.preferIPv4Stack=true -Dcom.sun.management.jmxremote -Dcom.sun.management.jmxremote.authenticate=false -Dcom.sun.management.jmxremote.port=31418 -Dcom.sun.management.jmxremote.rmi.port=31418 -Dcom.sun.management.jmxremote.ssl=false -Djava.rmi.server.hostname=localhost -Dcom.ibm.as400.access.AS400.guiAvailable=false -Dsymmetric.concurrent.engines.starting.count=5 -Dsymmetric.ssl.ignore.ciphers=TLS_ECDHE_ECDSA_WITH_3DES_EDE_CBC_SHA,TLS_ECDHE_RSA_WITH_3DES_EDE_CBC_SHA,SSL_RSA_WITH_3DES_EDE_CBC_SHA,TLS_ECDH_ECDSA_WITH_3DES_EDE_CBC_SHA,TLS_ECDH_RSA_WITH_3DES_EDE_CBC_SHA,SSL_DHE_RSA_WITH_3DES_EDE_CBC_SHA,SSL_DHE_DSS_WITH_3DES_EDE_CBC_SHA org.jumpmind.symmetric.SymmetricLauncher --max-idle-time=90000 --no-log-console 
2020-04-01 15:24:57 [INFO   ] [wrapper] Started server as PID 30307
2020-04-01 15:24:57 [INFO   ] [wrapper] Watching output of java process
2020-04-01 15:24:59 [INFO   ] [java   ] Log output will be written to /home/jordan_lumley/apps/sym-server-3117/logs/symmetric.log
2020-04-01 15:25:06 [INFO   ] [java   ] HttpAdaptor version 3.0.1 started on port 31416
2020-04-13 14:59:56 [INFO   ] [wrapper] Started wrapper as PID 16043
2020-04-13 14:59:56 [INFO   ] [wrapper] Working directory is /home/jordan_lumley/apps/sym-server-3117
2020-04-13 14:59:56 [INFO   ] [wrapper] Executing java -Xms256M -Xmx1024M -cp patches:patches/*:lib/*:web/WEB-INF/lib/* -Dlog4j.configuration=file:conf/log4j.xml -Djava.util.logging.config.file=conf/logging.properties -Dsym.keystore.file=security/keystore -Djavax.net.ssl.trustStore=security/cacerts -Djavax.net.ssl.keyStorePassword=obf:cHVuYXRydmc= -Dorg.eclipse.jetty.server.Request.maxFormContentSize=800000 -Dorg.eclipse.jetty.server.Request.maxFormKeys=100000 -Djava.io.tmpdir=tmp -Dsun.net.client.defaultReadTimeout=300000 -Dsun.net.client.defaultConnectTimeout=300000 -Dfile.encoding=utf-8 -XX:+HeapDumpOnOutOfMemoryError -XX:HeapDumpPath=tmp -Djava.net.preferIPv4Stack=true -Dcom.sun.management.jmxremote -Dcom.sun.management.jmxremote.authenticate=false -Dcom.sun.management.jmxremote.port=31418 -Dcom.sun.management.jmxremote.rmi.port=31418 -Dcom.sun.management.jmxremote.ssl=false -Djava.rmi.server.hostname=localhost -Dcom.ibm.as400.access.AS400.guiAvailable=false -Dsymmetric.concurrent.engines.starting.count=5 -Dsymmetric.ssl.ignore.ciphers=TLS_ECDHE_ECDSA_WITH_3DES_EDE_CBC_SHA,TLS_ECDHE_RSA_WITH_3DES_EDE_CBC_SHA,SSL_RSA_WITH_3DES_EDE_CBC_SHA,TLS_ECDH_ECDSA_WITH_3DES_EDE_CBC_SHA,TLS_ECDH_RSA_WITH_3DES_EDE_CBC_SHA,SSL_DHE_RSA_WITH_3DES_EDE_CBC_SHA,SSL_DHE_DSS_WITH_3DES_EDE_CBC_SHA org.jumpmind.symmetric.SymmetricLauncher --max-idle-time=90000 --no-log-console 
2020-04-13 14:59:56 [INFO   ] [wrapper] Started server as PID 16058
2020-04-13 14:59:56 [INFO   ] [wrapper] Watching output of java process
2020-04-13 14:59:58 [INFO   ] [java   ] Log output will be written to /home/jordan_lumley/apps/sym-server-3117/logs/symmetric.log
2020-04-13 15:00:05 [INFO   ] [java   ] HttpAdaptor version 3.0.1 started on port 31416
2020-04-13 17:00:49 [INFO   ] [wrapper] Started wrapper as PID 19713
2020-04-13 17:00:49 [INFO   ] [wrapper] Working directory is /home/jordan_lumley/apps/sym-server-3117
2020-04-13 17:00:49 [INFO   ] [wrapper] Executing java -Xms256M -Xmx1024M -cp patches:patches/*:lib/*:web/WEB-INF/lib/* -Dlog4j.configuration=file:conf/log4j.xml -Djava.util.logging.config.file=conf/logging.properties -Dsym.keystore.file=security/keystore -Djavax.net.ssl.trustStore=security/cacerts -Djavax.net.ssl.keyStorePassword=obf:cHVuYXRydmc= -Dorg.eclipse.jetty.server.Request.maxFormContentSize=800000 -Dorg.eclipse.jetty.server.Request.maxFormKeys=100000 -Djava.io.tmpdir=tmp -Dsun.net.client.defaultReadTimeout=300000 -Dsun.net.client.defaultConnectTimeout=300000 -Dfile.encoding=utf-8 -XX:+HeapDumpOnOutOfMemoryError -XX:HeapDumpPath=tmp -Djava.net.preferIPv4Stack=true -Dcom.sun.management.jmxremote -Dcom.sun.management.jmxremote.authenticate=false -Dcom.sun.management.jmxremote.port=31418 -Dcom.sun.management.jmxremote.rmi.port=31418 -Dcom.sun.management.jmxremote.ssl=false -Djava.rmi.server.hostname=localhost -Dcom.ibm.as400.access.AS400.guiAvailable=false -Dsymmetric.concurrent.engines.starting.count=5 -Dsymmetric.ssl.ignore.ciphers=TLS_ECDHE_ECDSA_WITH_3DES_EDE_CBC_SHA,TLS_ECDHE_RSA_WITH_3DES_EDE_CBC_SHA,SSL_RSA_WITH_3DES_EDE_CBC_SHA,TLS_ECDH_ECDSA_WITH_3DES_EDE_CBC_SHA,TLS_ECDH_RSA_WITH_3DES_EDE_CBC_SHA,SSL_DHE_RSA_WITH_3DES_EDE_CBC_SHA,SSL_DHE_DSS_WITH_3DES_EDE_CBC_SHA org.jumpmind.symmetric.SymmetricLauncher --max-idle-time=90000 --no-log-console 
2020-04-13 17:00:49 [INFO   ] [wrapper] Started server as PID 19729
2020-04-13 17:00:49 [INFO   ] [wrapper] Watching output of java process
2020-04-13 17:00:51 [INFO   ] [java   ] Log output will be written to /home/jordan_lumley/apps/sym-server-3117/logs/symmetric.log
2020-04-13 17:00:58 [INFO   ] [java   ] HttpAdaptor version 3.0.1 started on port 31416
2020-04-13 17:09:19 [INFO   ] [wrapper] Started wrapper as PID 20102
2020-04-13 17:09:19 [INFO   ] [wrapper] Working directory is /home/jordan_lumley/apps/sym-server-3117
2020-04-13 17:09:19 [INFO   ] [wrapper] Executing java -Xms256M -Xmx1024M -cp patches:patches/*:lib/*:web/WEB-INF/lib/* -Dlog4j.configuration=file:conf/log4j.xml -Djava.util.logging.config.file=conf/logging.properties -Dsym.keystore.file=security/keystore -Djavax.net.ssl.trustStore=security/cacerts -Djavax.net.ssl.keyStorePassword=obf:cHVuYXRydmc= -Dorg.eclipse.jetty.server.Request.maxFormContentSize=800000 -Dorg.eclipse.jetty.server.Request.maxFormKeys=100000 -Djava.io.tmpdir=tmp -Dsun.net.client.defaultReadTimeout=300000 -Dsun.net.client.defaultConnectTimeout=300000 -Dfile.encoding=utf-8 -XX:+HeapDumpOnOutOfMemoryError -XX:HeapDumpPath=tmp -Djava.net.preferIPv4Stack=true -Dcom.sun.management.jmxremote -Dcom.sun.management.jmxremote.authenticate=false -Dcom.sun.management.jmxremote.port=31418 -Dcom.sun.management.jmxremote.rmi.port=31418 -Dcom.sun.management.jmxremote.ssl=false -Djava.rmi.server.hostname=localhost -Dcom.ibm.as400.access.AS400.guiAvailable=false -Dsymmetric.concurrent.engines.starting.count=5 -Dsymmetric.ssl.ignore.ciphers=TLS_ECDHE_ECDSA_WITH_3DES_EDE_CBC_SHA,TLS_ECDHE_RSA_WITH_3DES_EDE_CBC_SHA,SSL_RSA_WITH_3DES_EDE_CBC_SHA,TLS_ECDH_ECDSA_WITH_3DES_EDE_CBC_SHA,TLS_ECDH_RSA_WITH_3DES_EDE_CBC_SHA,SSL_DHE_RSA_WITH_3DES_EDE_CBC_SHA,SSL_DHE_DSS_WITH_3DES_EDE_CBC_SHA org.jumpmind.symmetric.SymmetricLauncher --max-idle-time=90000 --no-log-console 
2020-04-13 17:09:19 [INFO   ] [wrapper] Started server as PID 20117
2020-04-13 17:09:19 [INFO   ] [wrapper] Watching output of java process
2020-04-13 17:09:21 [INFO   ] [java   ] Log output will be written to /home/jordan_lumley/apps/sym-server-3117/logs/symmetric.log
2020-04-13 17:09:28 [INFO   ] [java   ] HttpAdaptor version 3.0.1 started on port 31416
2020-04-13 17:28:27 [INFO   ] [wrapper] Started wrapper as PID 20692
2020-04-13 17:28:27 [INFO   ] [wrapper] Working directory is /home/jordan_lumley/apps/sym-server-3117
2020-04-13 17:28:27 [INFO   ] [wrapper] Executing java -Xms256M -Xmx1024M -cp patches:patches/*:lib/*:web/WEB-INF/lib/* -Dlog4j.configuration=file:conf/log4j.xml -Djava.util.logging.config.file=conf/logging.properties -Dsym.keystore.file=security/keystore -Djavax.net.ssl.trustStore=security/cacerts -Djavax.net.ssl.keyStorePassword=obf:cHVuYXRydmc= -Dorg.eclipse.jetty.server.Request.maxFormContentSize=800000 -Dorg.eclipse.jetty.server.Request.maxFormKeys=100000 -Djava.io.tmpdir=tmp -Dsun.net.client.defaultReadTimeout=300000 -Dsun.net.client.defaultConnectTimeout=300000 -Dfile.encoding=utf-8 -XX:+HeapDumpOnOutOfMemoryError -XX:HeapDumpPath=tmp -Djava.net.preferIPv4Stack=true -Dcom.sun.management.jmxremote -Dcom.sun.management.jmxremote.authenticate=false -Dcom.sun.management.jmxremote.port=31418 -Dcom.sun.management.jmxremote.rmi.port=31418 -Dcom.sun.management.jmxremote.ssl=false -Djava.rmi.server.hostname=localhost -Dcom.ibm.as400.access.AS400.guiAvailable=false -Dsymmetric.concurrent.engines.starting.count=5 -Dsymmetric.ssl.ignore.ciphers=TLS_ECDHE_ECDSA_WITH_3DES_EDE_CBC_SHA,TLS_ECDHE_RSA_WITH_3DES_EDE_CBC_SHA,SSL_RSA_WITH_3DES_EDE_CBC_SHA,TLS_ECDH_ECDSA_WITH_3DES_EDE_CBC_SHA,TLS_ECDH_RSA_WITH_3DES_EDE_CBC_SHA,SSL_DHE_RSA_WITH_3DES_EDE_CBC_SHA,SSL_DHE_DSS_WITH_3DES_EDE_CBC_SHA org.jumpmind.symmetric.SymmetricLauncher --max-idle-time=90000 --no-log-console 
2020-04-13 17:28:27 [INFO   ] [wrapper] Started server as PID 20707
2020-04-13 17:28:27 [INFO   ] [wrapper] Watching output of java process
2020-04-13 17:28:28 [INFO   ] [java   ] Log output will be written to /home/jordan_lumley/apps/sym-server-3117/logs/symmetric.log
2020-04-13 17:28:35 [INFO   ] [java   ] HttpAdaptor version 3.0.1 started on port 31416
2020-04-13 17:39:46 [INFO   ] [wrapper] Started wrapper as PID 21155
2020-04-13 17:39:46 [INFO   ] [wrapper] Working directory is /home/jordan_lumley/apps/sym-server-3117
2020-04-13 17:39:46 [INFO   ] [wrapper] Executing java -Xms256M -Xmx1024M -cp patches:patches/*:lib/*:web/WEB-INF/lib/* -Dlog4j.configuration=file:conf/log4j.xml -Djava.util.logging.config.file=conf/logging.properties -Dsym.keystore.file=security/keystore -Djavax.net.ssl.trustStore=security/cacerts -Djavax.net.ssl.keyStorePassword=obf:cHVuYXRydmc= -Dorg.eclipse.jetty.server.Request.maxFormContentSize=800000 -Dorg.eclipse.jetty.server.Request.maxFormKeys=100000 -Djava.io.tmpdir=tmp -Dsun.net.client.defaultReadTimeout=300000 -Dsun.net.client.defaultConnectTimeout=300000 -Dfile.encoding=utf-8 -XX:+HeapDumpOnOutOfMemoryError -XX:HeapDumpPath=tmp -Djava.net.preferIPv4Stack=true -Dcom.sun.management.jmxremote -Dcom.sun.management.jmxremote.authenticate=false -Dcom.sun.management.jmxremote.port=31418 -Dcom.sun.management.jmxremote.rmi.port=31418 -Dcom.sun.management.jmxremote.ssl=false -Djava.rmi.server.hostname=localhost -Dcom.ibm.as400.access.AS400.guiAvailable=false -Dsymmetric.concurrent.engines.starting.count=5 -Dsymmetric.ssl.ignore.ciphers=TLS_ECDHE_ECDSA_WITH_3DES_EDE_CBC_SHA,TLS_ECDHE_RSA_WITH_3DES_EDE_CBC_SHA,SSL_RSA_WITH_3DES_EDE_CBC_SHA,TLS_ECDH_ECDSA_WITH_3DES_EDE_CBC_SHA,TLS_ECDH_RSA_WITH_3DES_EDE_CBC_SHA,SSL_DHE_RSA_WITH_3DES_EDE_CBC_SHA,SSL_DHE_DSS_WITH_3DES_EDE_CBC_SHA org.jumpmind.symmetric.SymmetricLauncher --max-idle-time=90000 --no-log-console 
2020-04-13 17:39:46 [INFO   ] [wrapper] Started server as PID 21170
2020-04-13 17:39:46 [INFO   ] [wrapper] Watching output of java process
2020-04-13 17:39:47 [INFO   ] [java   ] Error: JMX connector server communication error: service:jmx:rmi://atlas-crm-dev-vm-db:31418
2020-04-13 17:39:47 [INFO   ] [java   ] jdk.internal.agent.AgentConfigurationError: java.rmi.server.ExportException: Port already in use: 31418; nested exception is: 
2020-04-13 17:39:47 [INFO   ] [java   ] 	java.net.BindException: Address already in use (Bind failed)
2020-04-13 17:39:47 [SEVERE ] [wrapper] Stopping server because its output matches a failure condition
2020-04-13 17:39:48 [INFO   ] [wrapper] End of output from java process
2020-04-13 17:39:48 [SEVERE ] [wrapper] Unexpected exit from server: 1
2020-04-13 17:39:48 [SEVERE ] [wrapper] Stopping because server exited too quickly after only 1940 milliseconds
2020-04-13 17:39:48 [SEVERE ] [wrapper] Exception caught.
Error 16 [Unexpected exit from server] with native error 1
	at org.jumpmind.symmetric.wrapper.WrapperService.execJava(WrapperService.java:236)
	at org.jumpmind.symmetric.wrapper.Wrapper.main(Wrapper.java:69)

2020-04-13 17:50:28 [INFO   ] [wrapper] Started wrapper as PID 21518
2020-04-13 17:50:28 [INFO   ] [wrapper] Working directory is /home/jordan_lumley/apps/sym-server-3117
2020-04-13 17:50:28 [INFO   ] [wrapper] Executing java -Xms256M -Xmx1024M -cp patches:patches/*:lib/*:web/WEB-INF/lib/* -Dlog4j.configuration=file:conf/log4j.xml -Djava.util.logging.config.file=conf/logging.properties -Dsym.keystore.file=security/keystore -Djavax.net.ssl.trustStore=security/cacerts -Djavax.net.ssl.keyStorePassword=obf:cHVuYXRydmc= -Dorg.eclipse.jetty.server.Request.maxFormContentSize=800000 -Dorg.eclipse.jetty.server.Request.maxFormKeys=100000 -Djava.io.tmpdir=tmp -Dsun.net.client.defaultReadTimeout=300000 -Dsun.net.client.defaultConnectTimeout=300000 -Dfile.encoding=utf-8 -XX:+HeapDumpOnOutOfMemoryError -XX:HeapDumpPath=tmp -Djava.net.preferIPv4Stack=true -Dcom.sun.management.jmxremote -Dcom.sun.management.jmxremote.authenticate=false -Dcom.sun.management.jmxremote.port=31418 -Dcom.sun.management.jmxremote.rmi.port=31418 -Dcom.sun.management.jmxremote.ssl=false -Djava.rmi.server.hostname=localhost -Dcom.ibm.as400.access.AS400.guiAvailable=false -Dsymmetric.concurrent.engines.starting.count=5 -Dsymmetric.ssl.ignore.ciphers=TLS_ECDHE_ECDSA_WITH_3DES_EDE_CBC_SHA,TLS_ECDHE_RSA_WITH_3DES_EDE_CBC_SHA,SSL_RSA_WITH_3DES_EDE_CBC_SHA,TLS_ECDH_ECDSA_WITH_3DES_EDE_CBC_SHA,TLS_ECDH_RSA_WITH_3DES_EDE_CBC_SHA,SSL_DHE_RSA_WITH_3DES_EDE_CBC_SHA,SSL_DHE_DSS_WITH_3DES_EDE_CBC_SHA org.jumpmind.symmetric.SymmetricLauncher --max-idle-time=90000 --no-log-console 
2020-04-13 17:50:28 [INFO   ] [wrapper] Started server as PID 21533
2020-04-13 17:50:28 [INFO   ] [wrapper] Watching output of java process
2020-04-13 17:50:29 [INFO   ] [java   ] Error: JMX connector server communication error: service:jmx:rmi://atlas-crm-dev-vm-db:31418
2020-04-13 17:50:29 [INFO   ] [java   ] jdk.internal.agent.AgentConfigurationError: java.rmi.server.ExportException: Port already in use: 31418; nested exception is: 
2020-04-13 17:50:29 [INFO   ] [java   ] 	java.net.BindException: Address already in use (Bind failed)
2020-04-13 17:50:29 [SEVERE ] [wrapper] Stopping server because its output matches a failure condition
2020-04-13 17:50:30 [INFO   ] [wrapper] End of output from java process
2020-04-13 17:50:30 [SEVERE ] [wrapper] Unexpected exit from server: 1
2020-04-13 17:50:30 [SEVERE ] [wrapper] Stopping because server exited too quickly after only 1937 milliseconds
2020-04-13 17:50:30 [SEVERE ] [wrapper] Exception caught.
Error 16 [Unexpected exit from server] with native error 1
	at org.jumpmind.symmetric.wrapper.WrapperService.execJava(WrapperService.java:236)
	at org.jumpmind.symmetric.wrapper.Wrapper.main(Wrapper.java:69)

2020-04-13 17:58:32 [INFO   ] [wrapper] Started wrapper as PID 21819
2020-04-13 17:58:32 [INFO   ] [wrapper] Working directory is /home/jordan_lumley/apps/sym-server-3117
2020-04-13 17:58:32 [INFO   ] [wrapper] Executing java -Xms256M -Xmx1024M -cp patches:patches/*:lib/*:web/WEB-INF/lib/* -Dlog4j.configuration=file:conf/log4j.xml -Djava.util.logging.config.file=conf/logging.properties -Dsym.keystore.file=security/keystore -Djavax.net.ssl.trustStore=security/cacerts -Djavax.net.ssl.keyStorePassword=obf:cHVuYXRydmc= -Dorg.eclipse.jetty.server.Request.maxFormContentSize=800000 -Dorg.eclipse.jetty.server.Request.maxFormKeys=100000 -Djava.io.tmpdir=tmp -Dsun.net.client.defaultReadTimeout=300000 -Dsun.net.client.defaultConnectTimeout=300000 -Dfile.encoding=utf-8 -XX:+HeapDumpOnOutOfMemoryError -XX:HeapDumpPath=tmp -Djava.net.preferIPv4Stack=true -Dcom.sun.management.jmxremote -Dcom.sun.management.jmxremote.authenticate=false -Dcom.sun.management.jmxremote.port=31418 -Dcom.sun.management.jmxremote.rmi.port=31418 -Dcom.sun.management.jmxremote.ssl=false -Djava.rmi.server.hostname=localhost -Dcom.ibm.as400.access.AS400.guiAvailable=false -Dsymmetric.concurrent.engines.starting.count=5 -Dsymmetric.ssl.ignore.ciphers=TLS_ECDHE_ECDSA_WITH_3DES_EDE_CBC_SHA,TLS_ECDHE_RSA_WITH_3DES_EDE_CBC_SHA,SSL_RSA_WITH_3DES_EDE_CBC_SHA,TLS_ECDH_ECDSA_WITH_3DES_EDE_CBC_SHA,TLS_ECDH_RSA_WITH_3DES_EDE_CBC_SHA,SSL_DHE_RSA_WITH_3DES_EDE_CBC_SHA,SSL_DHE_DSS_WITH_3DES_EDE_CBC_SHA org.jumpmind.symmetric.SymmetricLauncher --max-idle-time=90000 --no-log-console 
2020-04-13 17:58:32 [INFO   ] [wrapper] Started server as PID 21834
2020-04-13 17:58:32 [INFO   ] [wrapper] Watching output of java process
2020-04-13 17:58:33 [INFO   ] [java   ] Error: JMX connector server communication error: service:jmx:rmi://atlas-crm-dev-vm-db:31418
2020-04-13 17:58:33 [INFO   ] [java   ] jdk.internal.agent.AgentConfigurationError: java.rmi.server.ExportException: Port already in use: 31418; nested exception is: 
2020-04-13 17:58:33 [INFO   ] [java   ] 	java.net.BindException: Address already in use (Bind failed)
2020-04-13 17:58:33 [SEVERE ] [wrapper] Stopping server because its output matches a failure condition
2020-04-13 17:58:34 [INFO   ] [wrapper] End of output from java process
2020-04-13 17:58:34 [SEVERE ] [wrapper] Unexpected exit from server: 1
2020-04-13 17:58:34 [SEVERE ] [wrapper] Stopping because server exited too quickly after only 1942 milliseconds
2020-04-13 17:58:34 [SEVERE ] [wrapper] Exception caught.
Error 16 [Unexpected exit from server] with native error 1
	at org.jumpmind.symmetric.wrapper.WrapperService.execJava(WrapperService.java:236)
	at org.jumpmind.symmetric.wrapper.Wrapper.main(Wrapper.java:69)

2020-04-13 19:07:07 [INFO   ] [wrapper] Started wrapper as PID 23792
2020-04-13 19:07:07 [INFO   ] [wrapper] Working directory is /home/jordan_lumley/apps/sym-server-3117
2020-04-13 19:07:07 [INFO   ] [wrapper] Executing java -Xms256M -Xmx1024M -cp patches:patches/*:lib/*:web/WEB-INF/lib/* -Dlog4j.configuration=file:conf/log4j.xml -Djava.util.logging.config.file=conf/logging.properties -Dsym.keystore.file=security/keystore -Djavax.net.ssl.trustStore=security/cacerts -Djavax.net.ssl.keyStorePassword=obf:cHVuYXRydmc= -Dorg.eclipse.jetty.server.Request.maxFormContentSize=800000 -Dorg.eclipse.jetty.server.Request.maxFormKeys=100000 -Djava.io.tmpdir=tmp -Dsun.net.client.defaultReadTimeout=300000 -Dsun.net.client.defaultConnectTimeout=300000 -Dfile.encoding=utf-8 -XX:+HeapDumpOnOutOfMemoryError -XX:HeapDumpPath=tmp -Djava.net.preferIPv4Stack=true -Dcom.sun.management.jmxremote -Dcom.sun.management.jmxremote.authenticate=false -Dcom.sun.management.jmxremote.port=31418 -Dcom.sun.management.jmxremote.rmi.port=31418 -Dcom.sun.management.jmxremote.ssl=false -Djava.rmi.server.hostname=localhost -Dcom.ibm.as400.access.AS400.guiAvailable=false -Dsymmetric.concurrent.engines.starting.count=5 -Dsymmetric.ssl.ignore.ciphers=TLS_ECDHE_ECDSA_WITH_3DES_EDE_CBC_SHA,TLS_ECDHE_RSA_WITH_3DES_EDE_CBC_SHA,SSL_RSA_WITH_3DES_EDE_CBC_SHA,TLS_ECDH_ECDSA_WITH_3DES_EDE_CBC_SHA,TLS_ECDH_RSA_WITH_3DES_EDE_CBC_SHA,SSL_DHE_RSA_WITH_3DES_EDE_CBC_SHA,SSL_DHE_DSS_WITH_3DES_EDE_CBC_SHA org.jumpmind.symmetric.SymmetricLauncher --max-idle-time=90000 --no-log-console 
2020-04-13 19:07:08 [INFO   ] [wrapper] Started server as PID 23807
2020-04-13 19:07:08 [INFO   ] [wrapper] Watching output of java process
2020-04-13 19:07:08 [INFO   ] [java   ] Error: JMX connector server communication error: service:jmx:rmi://atlas-crm-dev-vm-db:31418
2020-04-13 19:07:08 [INFO   ] [java   ] jdk.internal.agent.AgentConfigurationError: java.rmi.server.ExportException: Port already in use: 31418; nested exception is: 
2020-04-13 19:07:08 [INFO   ] [java   ] 	java.net.BindException: Address already in use (Bind failed)
2020-04-13 19:07:08 [SEVERE ] [wrapper] Stopping server because its output matches a failure condition
2020-04-13 19:07:09 [INFO   ] [wrapper] End of output from java process
2020-04-13 19:07:09 [SEVERE ] [wrapper] Unexpected exit from server: 1
2020-04-13 19:07:09 [SEVERE ] [wrapper] Stopping because server exited too quickly after only 1946 milliseconds
2020-04-13 19:07:09 [SEVERE ] [wrapper] Exception caught.
Error 16 [Unexpected exit from server] with native error 1
	at org.jumpmind.symmetric.wrapper.WrapperService.execJava(WrapperService.java:236)
	at org.jumpmind.symmetric.wrapper.Wrapper.main(Wrapper.java:69)

2020-04-13 19:27:36 [INFO   ] [wrapper] Started wrapper as PID 1005
2020-04-13 19:27:36 [INFO   ] [wrapper] Working directory is /home/jordan_lumley/apps/sym-server-3117
2020-04-13 19:27:36 [INFO   ] [wrapper] Executing java -Xms256M -Xmx1024M -cp patches:patches/*:lib/*:web/WEB-INF/lib/* -Dlog4j.configuration=file:conf/log4j.xml -Djava.util.logging.config.file=conf/logging.properties -Dsym.keystore.file=security/keystore -Djavax.net.ssl.trustStore=security/cacerts -Djavax.net.ssl.keyStorePassword=obf:cHVuYXRydmc= -Dorg.eclipse.jetty.server.Request.maxFormContentSize=800000 -Dorg.eclipse.jetty.server.Request.maxFormKeys=100000 -Djava.io.tmpdir=tmp -Dsun.net.client.defaultReadTimeout=300000 -Dsun.net.client.defaultConnectTimeout=300000 -Dfile.encoding=utf-8 -XX:+HeapDumpOnOutOfMemoryError -XX:HeapDumpPath=tmp -Djava.net.preferIPv4Stack=true -Dcom.sun.management.jmxremote -Dcom.sun.management.jmxremote.authenticate=false -Dcom.sun.management.jmxremote.port=31418 -Dcom.sun.management.jmxremote.rmi.port=31418 -Dcom.sun.management.jmxremote.ssl=false -Djava.rmi.server.hostname=localhost -Dcom.ibm.as400.access.AS400.guiAvailable=false -Dsymmetric.concurrent.engines.starting.count=5 -Dsymmetric.ssl.ignore.ciphers=TLS_ECDHE_ECDSA_WITH_3DES_EDE_CBC_SHA,TLS_ECDHE_RSA_WITH_3DES_EDE_CBC_SHA,SSL_RSA_WITH_3DES_EDE_CBC_SHA,TLS_ECDH_ECDSA_WITH_3DES_EDE_CBC_SHA,TLS_ECDH_RSA_WITH_3DES_EDE_CBC_SHA,SSL_DHE_RSA_WITH_3DES_EDE_CBC_SHA,SSL_DHE_DSS_WITH_3DES_EDE_CBC_SHA org.jumpmind.symmetric.SymmetricLauncher --max-idle-time=90000 --no-log-console 
2020-04-13 19:27:36 [INFO   ] [wrapper] Started server as PID 1020
2020-04-13 19:27:36 [INFO   ] [wrapper] Watching output of java process
2020-04-13 19:27:40 [INFO   ] [java   ] Log output will be written to /home/jordan_lumley/apps/sym-server-3117/logs/symmetric.log
2020-04-13 19:27:48 [INFO   ] [java   ] HttpAdaptor version 3.0.1 started on port 31416
